2023-04-09 15:31:29,612 execute sql failed: UPDATE `002920`
SET `ema5` = %s,
    `ema12` = %s,
    `ema26` = %s,
    `dea4` = %s,
    `dea9` = %s,
    `mark` = %s
WHERE `datetime` = '%s' AND `klt` = 102 ;
2023-04-09 15:31:29,623 execute sql failed: UPDATE `002920`
SET `ema5` = %s,
    `ema12` = %s,
    `ema26` = %s,
    `dea4` = %s,
    `dea9` = %s,
    `mark` = %s
WHERE `datetime` = '%s' AND `klt` = 102 ;
2023-04-09 15:31:31,109 execute sql failed: UPDATE `300223`
SET `ema5` = %s,
    `ema12` = %s,
    `ema26` = %s,
    `dea4` = %s,
    `dea9` = %s,
    `mark` = %s
WHERE `datetime` = '%s' AND `klt` = 102 ;
2023-04-09 15:31:31,116 execute sql failed: UPDATE `300223`
SET `ema5` = %s,
    `ema12` = %s,
    `ema26` = %s,
    `dea4` = %s,
    `dea9` = %s,
    `mark` = %s
WHERE `datetime` = '%s' AND `klt` = 102 ;
2023-04-09 17:14:17,996 0 fetch 002920 error: '>' not supported between instances of 'NoneType' and 'int'
2023-04-09 17:14:18,207 1 fetch 300223 error: '>' not supported between instances of 'NoneType' and 'int'
2023-04-09 17:14:18,472 2 fetch 603486 error: '>' not supported between instances of 'NoneType' and 'int'
2023-04-09 17:14:18,715 3 fetch 301080 error: '>' not supported between instances of 'NoneType' and 'int'
2023-04-09 17:14:18,951 4 fetch 605358 error: '>' not supported between instances of 'NoneType' and 'int'
2023-04-09 17:14:19,167 5 fetch 000799 error: '>' not supported between instances of 'NoneType' and 'int'
2023-04-09 17:14:19,413 6 fetch 301050 error: '>' not supported between instances of 'NoneType' and 'int'
2023-04-09 17:14:19,625 7 fetch 603288 error: '>' not supported between instances of 'NoneType' and 'int'
2023-04-09 17:14:19,831 8 fetch 600745 error: '>' not supported between instances of 'NoneType' and 'int'
2023-04-09 17:14:20,049 9 fetch 603893 error: '>' not supported between instances of 'NoneType' and 'int'
2023-04-09 17:14:20,302 0 fetch 002920 error: '>' not supported between instances of 'NoneType' and 'int'
2023-04-09 17:14:20,512 1 fetch 300223 error: '>' not supported between instances of 'NoneType' and 'int'
2023-04-09 17:14:20,878 2 fetch 603486 error: '>' not supported between instances of 'NoneType' and 'int'
2023-04-09 17:14:21,094 3 fetch 301080 error: '>' not supported between instances of 'NoneType' and 'int'
2023-04-09 17:14:21,445 4 fetch 605358 error: '>' not supported between instances of 'NoneType' and 'int'
2023-04-09 17:14:21,749 5 fetch 000799 error: '>' not supported between instances of 'NoneType' and 'int'
2023-04-09 17:14:21,987 6 fetch 301050 error: '>' not supported between instances of 'NoneType' and 'int'
2023-04-09 17:14:22,209 7 fetch 603288 error: '>' not supported between instances of 'NoneType' and 'int'
2023-04-09 17:14:22,439 8 fetch 600745 error: '>' not supported between instances of 'NoneType' and 'int'
2023-04-09 17:14:22,632 9 fetch 603893 error: '>' not supported between instances of 'NoneType' and 'int'
2023-04-09 17:14:22,828 0 fetch 002920 error: '>' not supported between instances of 'NoneType' and 'int'
2023-04-09 17:14:23,102 1 fetch 300223 error: '>' not supported between instances of 'NoneType' and 'int'
2023-04-09 17:14:23,379 2 fetch 603486 error: '>' not supported between instances of 'NoneType' and 'int'
2023-04-09 17:14:23,586 3 fetch 301080 error: '>' not supported between instances of 'NoneType' and 'int'
2023-04-09 17:14:23,760 4 fetch 605358 error: '>' not supported between instances of 'NoneType' and 'int'
2023-04-09 17:14:23,927 5 fetch 000799 error: '>' not supported between instances of 'NoneType' and 'int'
2023-04-09 17:14:24,112 6 fetch 301050 error: '>' not supported between instances of 'NoneType' and 'int'
2023-04-09 17:14:24,313 7 fetch 603288 error: '>' not supported between instances of 'NoneType' and 'int'
2023-04-09 17:14:24,504 8 fetch 600745 error: '>' not supported between instances of 'NoneType' and 'int'
2023-04-09 17:14:24,722 9 fetch 603893 error: '>' not supported between instances of 'NoneType' and 'int'
2023-04-10 21:07:45,424 0 fetch 002920 error: 'high'
2023-04-10 21:10:20,590 0 fetch 002920 error: 'high'
2023-04-10 21:17:06,205 0 fetch 002920 error: 'high'
2023-04-10 21:18:04,020 0 fetch 002920 error: 'high'
2023-04-10 21:21:53,337 0 fetch 002920 error: 'high'
2023-04-10 21:23:22,465 0 fetch 002920 error: 'high'
2023-04-10 21:30:20,723 0 fetch 002920 error: 'high'
2023-04-10 22:27:11,548 1 fetch 0 days 00:00:00.000603486 error: 'Timedelta' object is not subscriptable
2023-04-10 22:27:11,548 1 fetch 0 days 00:00:00.000603486 error: 'Timedelta' object is not subscriptable
2023-04-10 22:27:11,549 1 fetch 0 days 00:00:00.000603486 error: 'Timedelta' object is not subscriptable
2023-04-10 22:27:11,549 1 fetch 0 days 00:00:00.000603486 error: 'Timedelta' object is not subscriptable
2023-04-10 22:27:11,549 1 fetch 0 days 00:00:00.000603486 error: 'Timedelta' object is not subscriptable
2023-04-10 22:27:34,654 1 fetch 0 days 00:00:00.000603486 error: 'Timedelta' object is not subscriptable
2023-04-10 22:27:34,655 1 fetch 0 days 00:00:00.000603486 error: 'Timedelta' object is not subscriptable
2023-04-10 22:27:34,655 1 fetch 0 days 00:00:00.000603486 error: 'Timedelta' object is not subscriptable
2023-04-10 22:27:34,656 1 fetch 0 days 00:00:00.000603486 error: 'Timedelta' object is not subscriptable
2023-04-10 22:27:34,656 1 fetch 0 days 00:00:00.000603486 error: 'Timedelta' object is not subscriptable
2023-04-10 22:28:26,928 1 fetch 0 days 00:00:00.000603486 error: 'Timedelta' object is not subscriptable
2023-04-10 22:28:26,929 1 fetch 0 days 00:00:00.000603486 error: 'Timedelta' object is not subscriptable
2023-04-10 22:28:26,929 1 fetch 0 days 00:00:00.000603486 error: 'Timedelta' object is not subscriptable
2023-04-10 22:28:26,930 1 fetch 0 days 00:00:00.000603486 error: 'Timedelta' object is not subscriptable
2023-04-10 22:28:26,930 1 fetch 0 days 00:00:00.000603486 error: 'Timedelta' object is not subscriptable
2023-04-10 22:29:13,806 1 fetch 0 days 00:00:00.000603486 error: 'Timedelta' object is not subscriptable
2023-04-10 22:29:13,806 1 fetch 0 days 00:00:00.000603486 error: 'Timedelta' object is not subscriptable
2023-04-10 22:29:13,807 1 fetch 0 days 00:00:00.000603486 error: 'Timedelta' object is not subscriptable
2023-04-10 22:29:13,807 1 fetch 0 days 00:00:00.000603486 error: 'Timedelta' object is not subscriptable
2023-04-10 22:29:13,808 1 fetch 0 days 00:00:00.000603486 error: 'Timedelta' object is not subscriptable
2023-04-10 22:30:37,577 0 fetch 300223 error: '<' not supported between instances of 'str' and 'datetime.datetime'
2023-04-10 22:30:37,577 0 fetch 300223 error: '<' not supported between instances of 'str' and 'datetime.datetime'
2023-04-10 22:30:37,577 0 fetch 300223 error: '<' not supported between instances of 'str' and 'datetime.datetime'
2023-04-10 22:30:37,578 0 fetch 300223 error: '<' not supported between instances of 'str' and 'datetime.datetime'
2023-04-10 22:30:37,578 0 fetch 300223 error: '<' not supported between instances of 'str' and 'datetime.datetime'
2023-04-10 22:34:59,557 2 fetch 0 days 00:00:00.000301080 error: 'Timedelta' object is not subscriptable
2023-04-10 22:34:59,557 2 fetch 0 days 00:00:00.000301080 error: 'Timedelta' object is not subscriptable
2023-04-10 22:34:59,558 2 fetch 0 days 00:00:00.000301080 error: 'Timedelta' object is not subscriptable
2023-04-10 22:34:59,558 2 fetch 0 days 00:00:00.000301080 error: 'Timedelta' object is not subscriptable
2023-04-10 22:34:59,558 2 fetch 0 days 00:00:00.000301080 error: 'Timedelta' object is not subscriptable
2023-04-10 22:38:16,716 0 fetch 300223 error: '<' not supported between instances of 'str' and 'datetime.datetime'
2023-04-10 22:38:16,716 0 fetch 300223 error: '<' not supported between instances of 'str' and 'datetime.datetime'
2023-04-10 22:38:16,716 0 fetch 300223 error: '<' not supported between instances of 'str' and 'datetime.datetime'
2023-04-10 22:38:16,716 0 fetch 300223 error: '<' not supported between instances of 'str' and 'datetime.datetime'
2023-04-10 22:38:16,717 0 fetch 300223 error: '<' not supported between instances of 'str' and 'datetime.datetime'
2023-04-10 22:38:16,717 1 fetch 603486 error: '<' not supported between instances of 'str' and 'datetime.datetime'
2023-04-10 22:38:16,717 1 fetch 603486 error: '<' not supported between instances of 'str' and 'datetime.datetime'
2023-04-10 22:38:16,717 1 fetch 603486 error: '<' not supported between instances of 'str' and 'datetime.datetime'
2023-04-10 22:38:16,718 1 fetch 603486 error: '<' not supported between instances of 'str' and 'datetime.datetime'
2023-04-10 22:38:16,718 1 fetch 603486 error: '<' not supported between instances of 'str' and 'datetime.datetime'
2023-04-10 22:41:19,926 3 fetch 0 days 00:00:00.000605358 error: 'Timedelta' object is not subscriptable
2023-04-10 22:41:19,927 3 fetch 0 days 00:00:00.000605358 error: 'Timedelta' object is not subscriptable
2023-04-10 22:41:19,927 3 fetch 0 days 00:00:00.000605358 error: 'Timedelta' object is not subscriptable
2023-04-10 22:41:19,927 3 fetch 0 days 00:00:00.000605358 error: 'Timedelta' object is not subscriptable
2023-04-10 22:41:19,928 3 fetch 0 days 00:00:00.000605358 error: 'Timedelta' object is not subscriptable
2023-04-10 22:45:24,068 1 fetch 0 days 00:00:00.000605358 error: 'Timedelta' object is not subscriptable
2023-04-10 22:45:24,068 1 fetch 0 days 00:00:00.000605358 error: 'Timedelta' object is not subscriptable
2023-04-10 22:45:24,069 1 fetch 0 days 00:00:00.000605358 error: 'Timedelta' object is not subscriptable
2023-04-10 22:45:24,069 1 fetch 0 days 00:00:00.000605358 error: 'Timedelta' object is not subscriptable
2023-04-10 22:45:24,070 1 fetch 0 days 00:00:00.000605358 error: 'Timedelta' object is not subscriptable
2023-04-10 22:45:24,070 2 fetch 0 days 00:00:00.000000799 error: 'Timedelta' object is not subscriptable
2023-04-10 22:45:24,071 2 fetch 0 days 00:00:00.000000799 error: 'Timedelta' object is not subscriptable
2023-04-10 22:45:24,071 2 fetch 0 days 00:00:00.000000799 error: 'Timedelta' object is not subscriptable
2023-04-10 22:45:24,072 2 fetch 0 days 00:00:00.000000799 error: 'Timedelta' object is not subscriptable
2023-04-10 22:45:24,072 2 fetch 0 days 00:00:00.000000799 error: 'Timedelta' object is not subscriptable
2023-04-10 22:49:02,658 0 fetch 300223 error: '<' not supported between instances of 'str' and 'datetime.datetime'
2023-04-10 22:49:02,659 0 fetch 300223 error: '<' not supported between instances of 'str' and 'datetime.datetime'
2023-04-10 22:49:02,659 0 fetch 300223 error: '<' not supported between instances of 'str' and 'datetime.datetime'
2023-04-10 22:49:02,659 0 fetch 300223 error: '<' not supported between instances of 'str' and 'datetime.datetime'
2023-04-10 22:49:02,659 0 fetch 300223 error: '<' not supported between instances of 'str' and 'datetime.datetime'
2023-04-10 22:49:02,660 1 fetch 605358 error: '<' not supported between instances of 'str' and 'datetime.datetime'
2023-04-10 22:49:02,660 1 fetch 605358 error: '<' not supported between instances of 'str' and 'datetime.datetime'
2023-04-10 22:49:02,660 1 fetch 605358 error: '<' not supported between instances of 'str' and 'datetime.datetime'
2023-04-10 22:49:02,661 1 fetch 605358 error: '<' not supported between instances of 'str' and 'datetime.datetime'
2023-04-10 22:49:02,661 1 fetch 605358 error: '<' not supported between instances of 'str' and 'datetime.datetime'
2023-04-10 22:49:02,661 2 fetch 000799 error: '<' not supported between instances of 'str' and 'datetime.datetime'
2023-04-10 22:49:02,661 2 fetch 000799 error: '<' not supported between instances of 'str' and 'datetime.datetime'
2023-04-10 22:49:02,662 2 fetch 000799 error: '<' not supported between instances of 'str' and 'datetime.datetime'
2023-04-10 22:49:02,662 2 fetch 000799 error: '<' not supported between instances of 'str' and 'datetime.datetime'
2023-04-10 22:49:02,662 2 fetch 000799 error: '<' not supported between instances of 'str' and 'datetime.datetime'
2023-04-10 22:49:39,714 0 fetch 300223 error: '<' not supported between instances of 'str' and 'datetime.datetime'
2023-04-10 22:49:39,715 0 fetch 300223 error: '<' not supported between instances of 'str' and 'datetime.datetime'
2023-04-10 22:49:39,715 0 fetch 300223 error: '<' not supported between instances of 'str' and 'datetime.datetime'
2023-04-10 22:49:39,716 0 fetch 300223 error: '<' not supported between instances of 'str' and 'datetime.datetime'
2023-04-10 22:49:39,716 0 fetch 300223 error: '<' not supported between instances of 'str' and 'datetime.datetime'
2023-04-10 22:49:39,716 1 fetch 605358 error: '<' not supported between instances of 'str' and 'datetime.datetime'
2023-04-10 22:49:39,717 1 fetch 605358 error: '<' not supported between instances of 'str' and 'datetime.datetime'
2023-04-10 22:49:39,717 1 fetch 605358 error: '<' not supported between instances of 'str' and 'datetime.datetime'
2023-04-10 22:49:39,717 1 fetch 605358 error: '<' not supported between instances of 'str' and 'datetime.datetime'
2023-04-10 22:49:39,717 1 fetch 605358 error: '<' not supported between instances of 'str' and 'datetime.datetime'
2023-04-10 22:49:39,718 2 fetch 000799 error: '<' not supported between instances of 'str' and 'datetime.datetime'
2023-04-10 22:49:39,718 2 fetch 000799 error: '<' not supported between instances of 'str' and 'datetime.datetime'
2023-04-10 22:49:39,718 2 fetch 000799 error: '<' not supported between instances of 'str' and 'datetime.datetime'
2023-04-10 22:49:39,718 2 fetch 000799 error: '<' not supported between instances of 'str' and 'datetime.datetime'
2023-04-10 22:49:39,719 2 fetch 000799 error: '<' not supported between instances of 'str' and 'datetime.datetime'
2023-04-10 22:50:13,368 0 fetch 300223 error: '<' not supported between instances of 'str' and 'datetime.datetime'
2023-04-10 22:50:13,369 0 fetch 300223 error: '<' not supported between instances of 'str' and 'datetime.datetime'
2023-04-10 22:50:13,369 0 fetch 300223 error: '<' not supported between instances of 'str' and 'datetime.datetime'
2023-04-10 22:50:13,369 0 fetch 300223 error: '<' not supported between instances of 'str' and 'datetime.datetime'
2023-04-10 22:50:13,369 0 fetch 300223 error: '<' not supported between instances of 'str' and 'datetime.datetime'
2023-04-10 22:50:13,370 1 fetch 605358 error: '<' not supported between instances of 'str' and 'datetime.datetime'
2023-04-10 22:50:13,370 1 fetch 605358 error: '<' not supported between instances of 'str' and 'datetime.datetime'
2023-04-10 22:50:13,370 1 fetch 605358 error: '<' not supported between instances of 'str' and 'datetime.datetime'
2023-04-10 22:50:13,371 1 fetch 605358 error: '<' not supported between instances of 'str' and 'datetime.datetime'
2023-04-10 22:50:13,371 1 fetch 605358 error: '<' not supported between instances of 'str' and 'datetime.datetime'
2023-04-10 22:50:13,371 2 fetch 000799 error: '<' not supported between instances of 'str' and 'datetime.datetime'
2023-04-10 22:50:13,371 2 fetch 000799 error: '<' not supported between instances of 'str' and 'datetime.datetime'
2023-04-10 22:50:13,372 2 fetch 000799 error: '<' not supported between instances of 'str' and 'datetime.datetime'
2023-04-10 22:50:13,372 2 fetch 000799 error: '<' not supported between instances of 'str' and 'datetime.datetime'
2023-04-10 22:50:13,372 2 fetch 000799 error: '<' not supported between instances of 'str' and 'datetime.datetime'
